This is pdfTeX, Version 3.14159265-2.6-1.40.21 (MiKTeX 20.11) (preloaded format=pdflatex 2020.11.15)  23 NOV 2020 18:20
entering extended mode
**E:/Koblenz/Sem1/IWS/WorkingRepo/Assignment2/trunk/assignment_template.tex
(E:/Koblenz/Sem1/IWS/WorkingRepo/Assignment2/trunk/assignment_template.tex
LaTeX2e <2020-10-01> patch level 2
L3 programming layer <2020-10-27> xparse <2020-03-03>
(E:\Workspace\LaTeX2\tex/latex/nag\nag.sty
Package: nag 2011/11/25 0.7 warning about old commands (ulmi)
\c@nag@c=\count175
\c@nag@sins=\count176
Package nag Info: Loaded nag-l2tabu.cfg  on input line 552.

(E:\Workspace\LaTeX2\tex/latex/nag\nag-l2tabu.cfg
File: nag-l2tabu.cfg 2010/05/17 v2.11 l2tabu rules for nag.sty (ulmi)
)
Package nag Info: Loaded nag-orthodox.cfg  on input line 552.

(E:\Workspace\LaTeX2\tex/latex/nag\nag-orthodox.cfg
File: nag-orthodox.cfg 2006/04/19 v1.8 strict rules for nag.sty (ulmi)
))
(E:/Koblenz/Sem1/IWS/WorkingRepo/Assignment2/trunk\resources/WeSTassignment.cls

LaTeX Warning: You have requested document class `resources/WeSTassignment',
               but the document class provides `WeSTassignment'.

Document Class: WeSTassignment 2016/04/13 v1.0 WeSTassignment
(E:\Workspace\LaTeX2\tex/latex/koma-script\scrartcl.cls
Document Class: scrartcl 2020/09/21 v3.32 KOMA-Script document class (article)
(E:\Workspace\LaTeX2\tex/latex/koma-script\scrkbase.sty
Package: scrkbase 2020/09/21 v3.32 KOMA-Script package (KOMA-Script-dependent b
asics and keyval usage)

(E:\Workspace\LaTeX2\tex/latex/koma-script\scrbase.sty
Package: scrbase 2020/09/21 v3.32 KOMA-Script package (KOMA-Script-independent 
basics and keyval usage)

(E:\Workspace\LaTeX2\tex/latex/koma-script\scrlfile.sty
Package: scrlfile 2020/09/21 v3.32 KOMA-Script package (file load hooks)

(E:\Workspace\LaTeX2\tex/latex/koma-script\scrlfile-hook.sty
Package: scrlfile-hook 2020/09/21 v3.32 KOMA-Script package (using LaTeX hooks)


LaTeX3 Info: Defining command \BeforeFile with sig. 'm' on line 61.


LaTeX3 Info: Defining command \AfterFile with sig. 'm' on line 65.


LaTeX3 Info: Defining command \BeforeClass with sig. 'm' on line 69.


LaTeX3 Info: Defining command \BeforePackage with sig. 'm' on line 73.


LaTeX3 Info: Defining command \AfterAtEndOfClass with sig. 'smo+m' on line 83.


LaTeX3 Info: Defining command \AfterAtEndOfPackage with sig. 'smo+m' on line
(LaTeX3)     93.


LaTeX3 Info: Defining command \scrlfile@AfterClass with sig. 'smo+m' on line
(LaTeX3)     173.


LaTeX3 Info: Defining command \AfterClass with sig. '' on line 174.


LaTeX3 Info: Defining command \scrlfile@AfterPackage with sig. 'smo+m' on line
(LaTeX3)     191.


LaTeX3 Info: Defining command \AfterPackage with sig. '' on line 192.


LaTeX3 Info: Defining command \ReplaceInput with sig. '' on line 193.


LaTeX3 Info: Defining command \ReplaceClass with sig. 'mm' on line 196.


LaTeX3 Info: Defining command \ReplacePackage with sig. 'mm' on line 199.


LaTeX3 Info: Defining command \UnReplaceInput with sig. '' on line 200.


LaTeX3 Info: Defining command \UnReplaceClass with sig. 'm' on line 203.


LaTeX3 Info: Defining command \UnReplacePackage with sig. 'mm' on line 206.


LaTeX3 Info: Defining command \PreventPackageFromLoading with sig. 's+om' on
(LaTeX3)     line 234.


LaTeX3 Info: Defining command \StorePreventPackageFromLoading with sig. 'm' on
(LaTeX3)     line 242.


LaTeX3 Info: Defining command \ResetPreventPackageFromLoading with sig. '' on
(LaTeX3)     line 247.


LaTeX3 Info: Defining command \UnPreventPackageFromLoading with sig. 'sm' on
(LaTeX3)     line 261.


LaTeX3 Info: Defining command \BeforeClosingMainAux with sig. 'om' on line
(LaTeX3)     274.


LaTeX3 Info: Defining command \AfterReadingMainAux with sig. 'om' on line 287.


LaTeX3 Info: Defining command \protected@immediate@write with sig. 'm+m+m' on
(LaTeX3)     line 298.


(E:\Workspace\LaTeX2\tex/latex/koma-script\scrlogo.sty
Package: scrlogo 2020/09/21 v3.32 KOMA-Script package (logo)
)))
(E:\Workspace\LaTeX2\tex/latex/graphics\keyval.sty
Package: keyval 2014/10/28 v1.15 key=value parser (DPC)
\KV@toks@=\toks15
)))
(E:\Workspace\LaTeX2\tex/latex/koma-script\tocbasic.sty
Package: tocbasic 2020/09/21 v3.32 KOMA-Script package (handling toc-files)
\scr@dte@tocline@numberwidth=\skip47
\scr@dte@tocline@numbox=\box47
)
Package tocbasic Info: babel extension for `toc' omitted
(tocbasic)             because of missing \bbl@set@language on input line 135.
Package scrartcl Info: You've used standard option `11pt'.
(scrartcl)             This is correct!
(scrartcl)             Internally I'm using `fontsize=11pt'.
(scrartcl)             If you'd like to set the option with \KOMAoptions,
(scrartcl)             you'd have to use `fontsize=11pt' there
(scrartcl)             instead of `11pt', too.
Class scrartcl Info: File `scrsize11pt.clo' used to setup font sizes on input l
ine 2222.

(E:\Workspace\LaTeX2\tex/latex/koma-script\scrsize11pt.clo
File: scrsize11pt.clo 2020/09/21 v3.32 KOMA-Script font size class option (11pt
)
)
(E:\Workspace\LaTeX2\tex/latex/koma-script\typearea.sty
Package: typearea 2020/09/21 v3.32 KOMA-Script package (type area)
\ta@bcor=\skip48
\ta@div=\count177
\ta@hblk=\skip49
\ta@vblk=\skip50
\ta@temp=\skip51
\footheight=\skip52
Package typearea Info: These are the values describing the layout:
(typearea)             DIV  = 10
(typearea)             BCOR = 0.0pt
(typearea)             \paperwidth      = 597.50793pt
(typearea)              \textwidth      = 418.25555pt
(typearea)              DIV departure   = -6%
(typearea)              \evensidemargin = 17.3562pt
(typearea)              \oddsidemargin  = 17.3562pt
(typearea)             \paperheight     = 845.04694pt
(typearea)              \textheight     = 595.80026pt
(typearea)              \topmargin      = -25.16531pt
(typearea)              \headheight     = 17.0pt
(typearea)              \headsep        = 20.40001pt
(typearea)              \topskip        = 11.0pt
(typearea)              \footskip       = 47.6pt
(typearea)              \baselineskip   = 13.6pt
(typearea)              on input line 1740.
)
\c@part=\count178
\c@section=\count179
\c@subsection=\count180
\c@subsubsection=\count181
\c@paragraph=\count182
\c@subparagraph=\count183
\scr@dte@section@maxnumwidth=\skip53
Class scrartcl Info: using compatibility default `runin=bysign'
(scrartcl)           for `\section on input line 4795.
Class scrartcl Info: using compatibility default `afterindent=bysign'
(scrartcl)           for `\section on input line 4795.
\scr@dte@part@maxnumwidth=\skip54
Class scrartcl Info: using compatibility default `afterindent=false'
(scrartcl)           for `\part on input line 4803.
\scr@dte@subsection@maxnumwidth=\skip55
Class scrartcl Info: using compatibility default `runin=bysign'
(scrartcl)           for `\subsection on input line 4813.
Class scrartcl Info: using compatibility default `afterindent=bysign'
(scrartcl)           for `\subsection on input line 4813.
\scr@dte@subsubsection@maxnumwidth=\skip56
Class scrartcl Info: using compatibility default `runin=bysign'
(scrartcl)           for `\subsubsection on input line 4823.
Class scrartcl Info: using compatibility default `afterindent=bysign'
(scrartcl)           for `\subsubsection on input line 4823.
\scr@dte@paragraph@maxnumwidth=\skip57
Class scrartcl Info: using compatibility default `runin=bysign'
(scrartcl)           for `\paragraph on input line 4834.
Class scrartcl Info: using compatibility default `afterindent=bysign'
(scrartcl)           for `\paragraph on input line 4834.
\scr@dte@subparagraph@maxnumwidth=\skip58
Class scrartcl Info: using compatibility default `runin=bysign'
(scrartcl)           for `\subparagraph on input line 4844.
Class scrartcl Info: using compatibility default `afterindent=bysign'
(scrartcl)           for `\subparagraph on input line 4844.
\abovecaptionskip=\skip59
\belowcaptionskip=\skip60
\c@pti@nb@sid@b@x=\box48
Package tocbasic Info: babel extension for `lof' omitted
(tocbasic)             because of missing \bbl@set@language on input line 6076.

\scr@dte@figure@maxnumwidth=\skip61
\c@figure=\count184
Package tocbasic Info: babel extension for `lot' omitted
(tocbasic)             because of missing \bbl@set@language on input line 6088.

\scr@dte@table@maxnumwidth=\skip62
\c@table=\count185
Class scrartcl Info: Redefining `\numberline' on input line 6252.
\bibindent=\dimen138
)
(E:\Workspace\LaTeX2\tex/latex/base\fontenc.sty
Package: fontenc 2020/08/10 v2.0s Standard LaTeX package
)
(E:\Workspace\LaTeX2\tex/latex/base\textcomp.sty
Package: textcomp 2020/02/02 v2.0n Standard LaTeX package
)
(E:\Workspace\LaTeX2\tex/latex/microtype\microtype.sty
Package: microtype 2019/11/18 v2.7d Micro-typographical refinements (RS)
\MT@toks=\toks16
\MT@count=\count186
LaTeX Info: Redefining \textls on input line 790.
\MT@outer@kern=\dimen139
LaTeX Info: Redefining \textmicrotypecontext on input line 1354.
\MT@listname@count=\count187

(E:\Workspace\LaTeX2\tex/latex/microtype\microtype-pdftex.def
File: microtype-pdftex.def 2019/11/18 v2.7d Definitions specific to pdftex (RS)

LaTeX Info: Redefining \lsstyle on input line 914.
LaTeX Info: Redefining \lslig on input line 914.
\MT@outer@space=\skip63
)
Package microtype Info: Loading configuration file microtype.cfg.

(E:\Workspace\LaTeX2\tex/latex/microtype\microtype.cfg
File: microtype.cfg 2019/11/18 v2.7d microtype main configuration file (RS)
))
(E:\Workspace\LaTeX2\tex/latex/mathtools\mathtools.sty
Package: mathtools 2020/03/24 v1.24 mathematical typesetting tools

(E:\Workspace\LaTeX2\tex/latex/tools\calc.sty
Package: calc 2017/05/25 v4.3 Infix arithmetic (KKT,FJ)
\calc@Acount=\count188
\calc@Bcount=\count189
\calc@Adimen=\dimen140
\calc@Bdimen=\dimen141
\calc@Askip=\skip64
\calc@Bskip=\skip65
LaTeX Info: Redefining \setlength on input line 80.
LaTeX Info: Redefining \addtolength on input line 81.
\calc@Ccount=\count190
\calc@Cskip=\skip66
)
(E:\Workspace\LaTeX2\tex/latex/mathtools\mhsetup.sty
Package: mhsetup 2017/03/31 v1.3 programming setup (MH)
)
(E:\Workspace\LaTeX2\tex/latex/amsmath\amsmath.sty
Package: amsmath 2020/09/23 v2.17i AMS math features
\@mathmargin=\skip67

For additional information on amsmath, use the `?' option.
(E:\Workspace\LaTeX2\tex/latex/amsmath\amstext.sty
Package: amstext 2000/06/29 v2.01 AMS text

(E:\Workspace\LaTeX2\tex/latex/amsmath\amsgen.sty
File: amsgen.sty 1999/11/30 v2.0 generic functions
\@emptytoks=\toks17
\ex@=\dimen142
))
(E:\Workspace\LaTeX2\tex/latex/amsmath\amsbsy.sty
Package: amsbsy 1999/11/29 v1.2d Bold Symbols
\pmbraise@=\dimen143
)
(E:\Workspace\LaTeX2\tex/latex/amsmath\amsopn.sty
Package: amsopn 2016/03/08 v2.02 operator names
)
\inf@bad=\count191
LaTeX Info: Redefining \frac on input line 234.
\uproot@=\count192
\leftroot@=\count193
LaTeX Info: Redefining \overline on input line 399.
\classnum@=\count194
\DOTSCASE@=\count195
LaTeX Info: Redefining \ldots on input line 496.
LaTeX Info: Redefining \dots on input line 499.
LaTeX Info: Redefining \cdots on input line 620.
\Mathstrutbox@=\box49
\strutbox@=\box50
\big@size=\dimen144
LaTeX Font Info:    Redeclaring font encoding OML on input line 743.
LaTeX Font Info:    Redeclaring font encoding OMS on input line 744.
\macc@depth=\count196
\c@MaxMatrixCols=\count197
\dotsspace@=\muskip16
\c@parentequation=\count198
\dspbrk@lvl=\count199
\tag@help=\toks18
\row@=\count266
\column@=\count267
\maxfields@=\count268
\andhelp@=\toks19
\eqnshift@=\dimen145
\alignsep@=\dimen146
\tagshift@=\dimen147
\tagwidth@=\dimen148
\totwidth@=\dimen149
\lineht@=\dimen150
\@envbody=\toks20
\multlinegap=\skip68
\multlinetaggap=\skip69
\mathdisplay@stack=\toks21
LaTeX Info: Redefining \[ on input line 2923.
LaTeX Info: Redefining \] on input line 2924.
)
LaTeX Info: Thecontrolsequence`\('isalreadyrobust on input line 130.
LaTeX Info: Thecontrolsequence`\)'isalreadyrobust on input line 130.
LaTeX Info: Thecontrolsequence`\['isalreadyrobust on input line 130.
LaTeX Info: Thecontrolsequence`\]'isalreadyrobust on input line 130.
\g_MT_multlinerow_int=\count269
\l_MT_multwidth_dim=\dimen151
\origjot=\skip70
\l_MT_shortvdotswithinadjustabove_dim=\dimen152
\l_MT_shortvdotswithinadjustbelow_dim=\dimen153
\l_MT_above_intertext_sep=\dimen154
\l_MT_below_intertext_sep=\dimen155
\l_MT_above_shortintertext_sep=\dimen156
\l_MT_below_shortintertext_sep=\dimen157
\xmathstrut@box=\box51
\xmathstrut@dim=\dimen158
)
(E:\Workspace\LaTeX2\tex/latex/csquotes\csquotes.sty
Package: csquotes 2019-12-06 v5.2j context-sensitive quotations (JAW)

(E:\Workspace\LaTeX2\tex/latex/etoolbox\etoolbox.sty
Package: etoolbox 2020/10/05 v2.5k e-TeX tools for LaTeX (JAW)
\etb@tempcnta=\count270
)
\csq@reset=\count271
\csq@gtype=\count272
\csq@glevel=\count273
\csq@qlevel=\count274
\csq@maxlvl=\count275
\csq@tshold=\count276
\csq@ltx@everypar=\toks22

(E:\Workspace\LaTeX2\tex/latex/csquotes\csquotes.def
File: csquotes.def 2019-12-06 v5.2j csquotes generic definitions (JAW)
)
Package csquotes Info: Trying to load configuration file 'csquotes.cfg'...
Package csquotes Info: ... configuration file loaded successfully.

(E:\Workspace\LaTeX2\tex/latex/csquotes\csquotes.cfg
File: csquotes.cfg 
))

Class scrartcl Warning: Usage of package `parskip' together
(scrartcl)              with a KOMA-Script class is not recommended.
(scrartcl)              I'd suggest to use option
(scrartcl)              `parskip' with one of it's several values.
(scrartcl)              Nevertheless, using requested
(scrartcl)              package `parskip' on input line 59.

(E:\Workspace\LaTeX2\tex/latex/parskip\parskip.sty
Package: parskip 2020-06-15 v2.0f non-zero parskip adjustments

(E:\Workspace\LaTeX2\tex/latex/kvoptions\kvoptions.sty
Package: kvoptions 2020-10-07 v3.14 Key value format for package options (HO)

(E:\Workspace\LaTeX2\tex/generic/ltxcmds\ltxcmds.sty
Package: ltxcmds 2020-05-10 v1.25 LaTeX kernel commands for general use (HO)
)
(E:\Workspace\LaTeX2\tex/generic/kvsetkeys\kvsetkeys.sty
Package: kvsetkeys 2019/12/15 v1.18 Key value parser (HO)
))
Couldn't patch \@startsection
)

Class scrartcl Warning: Usage of package `fancyhdr' together
(scrartcl)              with a KOMA-Script class is not recommended.
(scrartcl)              I'd suggest to use 
(scrartcl)              package `scrlayer' or `scrlayer-scrpage', because
(scrartcl)              they support KOMA-Script classes.
(scrartcl)              With `fancyhdr' several features of class `scrartcl'
(scrartcl)              like options `headsepline', `footsepline' or command
(scrartcl)              `\MakeMarkcase' and the commands `\setkomafont' and
(scrartcl)              `\addtokomafont' for the page style elements need
(scrartcl)              explicite user intervention to work.
(scrartcl)              Nevertheless, using requested
(scrartcl)              package `fancyhdr' on input line 62.

(E:\Workspace\LaTeX2\tex/latex/fancyhdr\fancyhdr.sty
Package: fancyhdr 2019/01/31 v3.10 Extensive control of page headers and footer
s
\f@nch@headwidth=\skip71
\f@nch@O@elh=\skip72
\f@nch@O@erh=\skip73
\f@nch@O@olh=\skip74
\f@nch@O@orh=\skip75
\f@nch@O@elf=\skip76
\f@nch@O@erf=\skip77
\f@nch@O@olf=\skip78
\f@nch@O@orf=\skip79
)
(E:\Workspace\LaTeX2\tex/latex/caption\caption.sty
Package: caption 2020/10/26 v3.5g Customizing captions (AR)

(E:\Workspace\LaTeX2\tex/latex/caption\caption3.sty
Package: caption3 2020/10/21 v2.2e caption3 kernel (AR)
\captionmargin=\dimen159
\captionmargin@=\dimen160
\captionwidth=\dimen161
\caption@tempdima=\dimen162
\caption@indent=\dimen163
\caption@parindent=\dimen164
\caption@hangindent=\dimen165
Package caption Info: KOMA-Script document class detected.

(E:\Workspace\LaTeX2\tex/latex/caption\caption-koma.sto
File: caption-koma.sto 2020/09/21 v2.0b Adaption of the caption package to the 
KOMA-Script document classes (AR)
))
\c@caption@flags=\count277
\c@continuedfloat=\count278
)
(E:\Workspace\LaTeX2\tex/latex/xcolor\xcolor.sty
Package: xcolor 2016/05/11 v2.12 LaTeX color extensions (UK)

(E:\Workspace\LaTeX2\tex/latex/graphics-cfg\color.cfg
File: color.cfg 2016/01/02 v1.6 sample color configuration
)
Package xcolor Info: Driver file: pdftex.def on input line 225.

(E:\Workspace\LaTeX2\tex/latex/graphics-def\pdftex.def
File: pdftex.def 2020/10/05 v1.2a Graphics/color driver for pdftex
)
Package xcolor Info: Model `cmy' substituted by `cmy0' on input line 1348.
Package xcolor Info: Model `hsb' substituted by `rgb' on input line 1352.
Package xcolor Info: Model `RGB' extended on input line 1364.
Package xcolor Info: Model `HTML' substituted by `rgb' on input line 1366.
Package xcolor Info: Model `Hsb' substituted by `hsb' on input line 1367.
Package xcolor Info: Model `tHsb' substituted by `hsb' on input line 1368.
Package xcolor Info: Model `HSB' substituted by `hsb' on input line 1369.
Package xcolor Info: Model `Gray' substituted by `gray' on input line 1370.
Package xcolor Info: Model `wave' substituted by `hsb' on input line 1371.
)
(E:\Workspace\LaTeX2\tex/latex/environ\environ.sty
Package: environ 2014/05/04 v0.3 A new way to define environments

(E:\Workspace\LaTeX2\tex/latex/trimspaces\trimspaces.sty
Package: trimspaces 2009/09/17 v1.1 Trim spaces around a token list
))
(E:\Workspace\LaTeX2\tex/latex/hyperref\hyperref.sty
Package: hyperref 2020-05-15 v7.00e Hypertext links for LaTeX

(E:\Workspace\LaTeX2\tex/generic/iftex\iftex.sty
Package: iftex 2020/03/06 v1.0d TeX engine tests
)
(E:\Workspace\LaTeX2\tex/generic/pdftexcmds\pdftexcmds.sty
Package: pdftexcmds 2020-06-27 v0.33 Utility functions of pdfTeX for LuaTeX (HO
)

(E:\Workspace\LaTeX2\tex/generic/infwarerr\infwarerr.sty
Package: infwarerr 2019/12/03 v1.5 Providing info/warning/error messages (HO)
)
Package pdftexcmds Info: \pdf@primitive is available.
Package pdftexcmds Info: \pdf@ifprimitive is available.
Package pdftexcmds Info: \pdfdraftmode found.
)
(E:\Workspace\LaTeX2\tex/generic/kvdefinekeys\kvdefinekeys.sty
Package: kvdefinekeys 2019-12-19 v1.6 Define keys (HO)
)
(E:\Workspace\LaTeX2\tex/generic/pdfescape\pdfescape.sty
Package: pdfescape 2019/12/09 v1.15 Implements pdfTeX's escape features (HO)
)
(E:\Workspace\LaTeX2\tex/latex/hycolor\hycolor.sty
Package: hycolor 2020-01-27 v1.10 Color options for hyperref/bookmark (HO)
)
(E:\Workspace\LaTeX2\tex/latex/letltxmacro\letltxmacro.sty
Package: letltxmacro 2019/12/03 v1.6 Let assignment for LaTeX macros (HO)
)
(E:\Workspace\LaTeX2\tex/latex/auxhook\auxhook.sty
Package: auxhook 2019-12-17 v1.6 Hooks for auxiliary files (HO)
)
\@linkdim=\dimen166
\Hy@linkcounter=\count279
\Hy@pagecounter=\count280

(E:\Workspace\LaTeX2\tex/latex/hyperref\pd1enc.def
File: pd1enc.def 2020-05-15 v7.00e Hyperref: PDFDocEncoding definition (HO)
Now handling font encoding PD1 ...
... no UTF-8 mapping file for font encoding PD1
)
(E:\Workspace\LaTeX2\tex/generic/intcalc\intcalc.sty
Package: intcalc 2019/12/15 v1.3 Expandable calculations with integers (HO)
)
(E:\Workspace\LaTeX2\tex/generic/etexcmds\etexcmds.sty
Package: etexcmds 2019/12/15 v1.7 Avoid name clashes with e-TeX commands (HO)
)
\Hy@SavedSpaceFactor=\count281
Package hyperref Info: Option `unicode' set `true' on input line 4338.

(E:\Workspace\LaTeX2\tex/latex/hyperref\puenc.def
File: puenc.def 2020-05-15 v7.00e Hyperref: PDF Unicode definition (HO)
Now handling font encoding PU ...
... no UTF-8 mapping file for font encoding PU
)
Package hyperref Info: Option `breaklinks' set `true' on input line 4338.
Package hyperref Info: Hyper figures OFF on input line 4464.
Package hyperref Info: Link nesting OFF on input line 4469.
Package hyperref Info: Hyper index ON on input line 4472.
Package hyperref Info: Plain pages OFF on input line 4479.
Package hyperref Info: Backreferencing OFF on input line 4484.
Package hyperref Info: Implicit mode ON; LaTeX internals redefined.
Package hyperref Info: Bookmarks ON on input line 4717.
\c@Hy@tempcnt=\count282

(E:\Workspace\LaTeX2\tex/latex/url\url.sty
\Urlmuskip=\muskip17
Package: url 2013/09/16  ver 3.4  Verb mode for urls, etc.
)
LaTeX Info: Redefining \url on input line 5076.
\XeTeXLinkMargin=\dimen167

(E:\Workspace\LaTeX2\tex/generic/bitset\bitset.sty
Package: bitset 2019/12/09 v1.3 Handle bit-vector datatype (HO)

(E:\Workspace\LaTeX2\tex/generic/bigintcalc\bigintcalc.sty
Package: bigintcalc 2019/12/15 v1.5 Expandable calculations on big integers (HO
)
))
\Fld@menulength=\count283
\Field@Width=\dimen168
\Fld@charsize=\dimen169
Package hyperref Info: Hyper figures OFF on input line 6347.
Package hyperref Info: Link nesting OFF on input line 6352.
Package hyperref Info: Hyper index ON on input line 6355.
Package hyperref Info: backreferencing OFF on input line 6362.
Package hyperref Info: Link coloring OFF on input line 6367.
Package hyperref Info: Link coloring with OCG OFF on input line 6372.
Package hyperref Info: PDF/A mode OFF on input line 6377.
LaTeX Info: Redefining \ref on input line 6417.
LaTeX Info: Redefining \pageref on input line 6421.

(E:\Workspace\LaTeX2\tex/latex/base\atbegshi-ltx.sty
Package: atbegshi-ltx 2020/08/17 v1.0a Emulation of the original atbegshi packa
ge
with kernel methods
)
\Hy@abspage=\count284
\c@Item=\count285
\c@Hfootnote=\count286
)
Package hyperref Info: Driver (autodetected): hpdftex.

(E:\Workspace\LaTeX2\tex/latex/hyperref\hpdftex.def
File: hpdftex.def 2020-05-15 v7.00e Hyperref driver for pdfTeX

(E:\Workspace\LaTeX2\tex/latex/base\atveryend-ltx.sty
Package: atveryend-ltx 2020/08/19 v1.0a Emulation of the original atvery packag
e
with kernel methods
)
\Fld@listcount=\count287
\c@bookmark@seq@number=\count288

(E:\Workspace\LaTeX2\tex/latex/rerunfilecheck\rerunfilecheck.sty
Package: rerunfilecheck 2019/12/05 v1.9 Rerun checks for auxiliary files (HO)

(E:\Workspace\LaTeX2\tex/generic/uniquecounter\uniquecounter.sty
Package: uniquecounter 2019/12/15 v1.4 Provide unlimited unique counter (HO)
)
Package uniquecounter Info: New unique counter `rerunfilecheck' on input line 2
86.
)
\Hy@SectionHShift=\skip80
)
(E:\Workspace\LaTeX2\tex/latex/cleveref\cleveref.sty
Package: cleveref 2018/03/27 v0.21.4 Intelligent cross-referencing
Package cleveref Info: `hyperref' support loaded on input line 2370.
LaTeX Info: Redefining \cref on input line 2370.
LaTeX Info: Redefining \Cref on input line 2370.
LaTeX Info: Redefining \crefrange on input line 2370.
LaTeX Info: Redefining \Crefrange on input line 2370.
LaTeX Info: Redefining \cpageref on input line 2370.
LaTeX Info: Redefining \Cpageref on input line 2370.
LaTeX Info: Redefining \cpagerefrange on input line 2370.
LaTeX Info: Redefining \Cpagerefrange on input line 2370.
LaTeX Info: Redefining \labelcref on input line 2370.
LaTeX Info: Redefining \labelcpageref on input line 2370.
Package cleveref Info: always capitalise cross-reference names on input line 78
25.
Package cleveref Info: include cross-reference names in hyperlinks on input lin
e 7836.
Package cleveref Info: always capitalise cross-reference names on input line 78
52.
Package cleveref Info: include cross-reference names in hyperlinks on input lin
e 7852.
Package cleveref Info: no abbreviation of names on input line 7852.
)
(E:\Workspace\LaTeX2\tex/latex/algorithms\algorithm.sty
Package: algorithm 2009/08/24 v0.1 Document Style `algorithm' - floating enviro
nment

(E:\Workspace\LaTeX2\tex/latex/float\float.sty
Package: float 2001/11/08 v1.3d Float enhancements (AL)
\c@float@type=\count289
\float@exts=\toks23
\float@box=\box52
\@float@everytoks=\toks24
\@floatcapt=\box53
)
(E:\Workspace\LaTeX2\tex/latex/base\ifthen.sty
Package: ifthen 2014/09/29 v1.1c Standard LaTeX ifthen package (DPC)
)
\@float@every@algorithm=\toks25
\c@algorithm=\count290
)
(E:\Workspace\LaTeX2\tex/latex/algorithmicx\algpseudocode.sty
Package: algpseudocode 

(E:\Workspace\LaTeX2\tex/latex/algorithmicx\algorithmicx.sty
Package: algorithmicx 2005/04/27 v1.2 Algorithmicx

Document Style algorithmicx 1.2 - a greatly improved `algorithmic' style
\c@ALG@line=\count291
\c@ALG@rem=\count292
\c@ALG@nested=\count293
\ALG@tlm=\skip81
\ALG@thistlm=\skip82
\c@ALG@Lnr=\count294
\c@ALG@blocknr=\count295
\c@ALG@storecount=\count296
\c@ALG@tmpcounter=\count297
\ALG@tmplength=\skip83
)
Document Style - pseudocode environments for use with the `algorithmicx' style
) (E:\Workspace\LaTeX2\tex/latex/listings\listings.sty
\lst@mode=\count298
\lst@gtempboxa=\box54
\lst@token=\toks26
\lst@length=\count299
\lst@currlwidth=\dimen170
\lst@column=\count300
\lst@pos=\count301
\lst@lostspace=\dimen171
\lst@width=\dimen172
\lst@newlines=\count302
\lst@lineno=\count303
\lst@maxwidth=\dimen173

(E:\Workspace\LaTeX2\tex/latex/listings\lstmisc.sty
File: lstmisc.sty 2020/03/24 1.8d (Carsten Heinz)
\c@lstnumber=\count304
\lst@skipnumbers=\count305
\lst@framebox=\box55
)
(E:\Workspace\LaTeX2\tex/latex/listings\listings.cfg
File: listings.cfg 2020/03/24 1.8d listings configuration
))
Package: listings 2020/03/24 1.8d (Carsten Heinz)

(E:\Workspace\LaTeX2\tex/latex/biblatex\biblatex.sty
Package: biblatex 2020/08/23 v3.15a programmable bibliographies (PK/MW)

(E:\Workspace\LaTeX2\tex/latex/logreq\logreq.sty
Package: logreq 2010/08/04 v1.0 xml request logger
\lrq@indent=\count306

(E:\Workspace\LaTeX2\tex/latex/logreq\logreq.def
File: logreq.def 2010/08/04 v1.0 logreq spec v1.0
))
\c@tabx@nest=\count307
\c@listtotal=\count308
\c@listcount=\count309
\c@liststart=\count310
\c@liststop=\count311
\c@citecount=\count312
\c@citetotal=\count313
\c@multicitecount=\count314
\c@multicitetotal=\count315
\c@instcount=\count316
\c@maxnames=\count317
\c@minnames=\count318
\c@maxitems=\count319
\c@minitems=\count320
\c@citecounter=\count321
\c@maxcitecounter=\count322
\c@savedcitecounter=\count323
\c@uniquelist=\count324
\c@uniquename=\count325
\c@refsection=\count326
\c@refsegment=\count327
\c@maxextratitle=\count328
\c@maxextratitleyear=\count329
\c@maxextraname=\count330
\c@maxextradate=\count331
\c@maxextraalpha=\count332
\c@abbrvpenalty=\count333
\c@highnamepenalty=\count334
\c@lownamepenalty=\count335
\c@maxparens=\count336
\c@parenlevel=\count337
\blx@tempcnta=\count338
\blx@tempcntb=\count339
\blx@tempcntc=\count340
\blx@maxsection=\count341
\blx@maxsegment@0=\count342
\blx@notetype=\count343
\blx@parenlevel@text=\count344
\blx@parenlevel@foot=\count345
\blx@sectionciteorder@0=\count346
\blx@entrysetcounter=\count347
\blx@biblioinstance=\count348
\labelnumberwidth=\skip84
\labelalphawidth=\skip85
\biblabelsep=\skip86
\bibitemsep=\skip87
\bibnamesep=\skip88
\bibinitsep=\skip89
\bibparsep=\skip90
\bibhang=\skip91
\blx@bcfin=\read2
\blx@bcfout=\write3
\blx@langwohyphens=\language79
\c@mincomprange=\count349
\c@maxcomprange=\count350
\c@mincompwidth=\count351
Package biblatex Info: Trying to load biblatex default data model...
Package biblatex Info: ... file 'blx-dm.def' found.

(E:\Workspace\LaTeX2\tex/latex/biblatex\blx-dm.def
File: blx-dm.def 2020/08/23 v3.15a biblatex localization (PK/MW)
)
Package biblatex Info: Trying to load biblatex style data model...
Package biblatex Info: ... file 'verbose.dbx' not found.
Package biblatex Info: Trying to load biblatex custom data model...
Package biblatex Info: ... file 'biblatex-dm.cfg' not found.
\c@afterword=\count352
\c@savedafterword=\count353
\c@annotator=\count354
\c@savedannotator=\count355
\c@author=\count356
\c@savedauthor=\count357
\c@bookauthor=\count358
\c@savedbookauthor=\count359
\c@commentator=\count360
\c@savedcommentator=\count361
\c@editor=\count362
\c@savededitor=\count363
\c@editora=\count364
\c@savededitora=\count365
\c@editorb=\count366
\c@savededitorb=\count367
\c@editorc=\count368
\c@savededitorc=\count369
\c@foreword=\count370
\c@savedforeword=\count371
\c@holder=\count372
\c@savedholder=\count373
\c@introduction=\count374
\c@savedintroduction=\count375
\c@namea=\count376
\c@savednamea=\count377
\c@nameb=\count378
\c@savednameb=\count379
\c@namec=\count380
\c@savednamec=\count381
\c@translator=\count382
\c@savedtranslator=\count383
\c@shortauthor=\count384
\c@savedshortauthor=\count385
\c@shorteditor=\count386
\c@savedshorteditor=\count387
\c@labelname=\count388
\c@savedlabelname=\count389
\c@institution=\count390
\c@savedinstitution=\count391
\c@lista=\count392
\c@savedlista=\count393
\c@listb=\count394
\c@savedlistb=\count395
\c@listc=\count396
\c@savedlistc=\count397
\c@listd=\count398
\c@savedlistd=\count399
\c@liste=\count400
\c@savedliste=\count401
\c@listf=\count402
\c@savedlistf=\count403
\c@location=\count404
\c@savedlocation=\count405
\c@organization=\count406
\c@savedorganization=\count407
\c@origlocation=\count408
\c@savedoriglocation=\count409
\c@origpublisher=\count410
\c@savedorigpublisher=\count411
\c@publisher=\count412
\c@savedpublisher=\count413
\c@language=\count414
\c@savedlanguage=\count415
\c@origlanguage=\count416
\c@savedoriglanguage=\count417
\c@pageref=\count418
\c@savedpageref=\count419
\shorthandwidth=\skip92
\shortjournalwidth=\skip93
\shortserieswidth=\skip94
\shorttitlewidth=\skip95
\shortauthorwidth=\skip96
\shorteditorwidth=\skip97
\locallabelnumberwidth=\skip98
\locallabelalphawidth=\skip99
\localshorthandwidth=\skip100
\localshortjournalwidth=\skip101
\localshortserieswidth=\skip102
\localshorttitlewidth=\skip103
\localshortauthorwidth=\skip104
\localshorteditorwidth=\skip105
Package biblatex Info: Trying to load compatibility code...
Package biblatex Info: ... file 'blx-compat.def' found.

(E:\Workspace\LaTeX2\tex/latex/biblatex\blx-compat.def
File: blx-compat.def 2020/08/23 v3.15a biblatex compatibility (PK/MW)
)
(E:\Workspace\LaTeX2\tex/latex/l3kernel\expl3.sty
Package: expl3 2020-10-27 L3 programming layer (loader) 

(E:\Workspace\LaTeX2\tex/latex/l3backend\l3backend-pdftex.def
File: l3backend-pdftex.def 2020-09-24 L3 backend support: PDF output (pdfTeX)
\l__kernel_color_stack_int=\count420
\l__pdf_internal_box=\box56
))
Package biblatex Info: expl3
(biblatex)             2020-10-27 L3 programming layer (loader) 
(biblatex)             is new enough (at least 2020/04/06),
(biblatex)             setting 'casechanger=expl3'.
Package biblatex Info: Trying to load expl3 case changing code...
Package biblatex Info: ... file 'blx-case-expl3.def' found.

(E:\Workspace\LaTeX2\tex/latex/biblatex\blx-case-expl3.def
(E:\Workspace\LaTeX2\tex/latex/l3packages/xparse\xparse.sty
Package: xparse 2020-10-27 L3 Experimental document command parser

(E:\Workspace\LaTeX2\tex/latex/l3packages/xparse\xparse-generic.tex))
File: blx-case-expl3 2020/08/23 v3.15a expl3 case changing code for biblatex
)
Package biblatex Info: Trying to load generic definitions...
Package biblatex Info: ... file 'biblatex.def' found.

(E:\Workspace\LaTeX2\tex/latex/biblatex\biblatex.def
File: biblatex.def 2020/08/23 v3.15a biblatex compatibility (PK/MW)
\c@textcitecount=\count421
\c@textcitetotal=\count422
\c@textcitemaxnames=\count423
\c@biburlbigbreakpenalty=\count424
\c@biburlbreakpenalty=\count425
\c@biburlnumpenalty=\count426
\c@biburlucpenalty=\count427
\c@biburllcpenalty=\count428
\biburlbigskip=\muskip18
\biburlnumskip=\muskip19
\biburlucskip=\muskip20
\biburllcskip=\muskip21
\c@smartand=\count429
)
Package biblatex Info: Trying to load bibliography style 'verbose'...
Package biblatex Info: ... file 'verbose.bbx' found.

(E:\Workspace\LaTeX2\tex/latex/biblatex/bbx\verbose.bbx
File: verbose.bbx 2020/08/23 v3.15a biblatex bibliography style (PK/MW)
Package biblatex Info: Trying to load bibliography style 'authortitle'...
Package biblatex Info: ... file 'authortitle.bbx' found.

(E:\Workspace\LaTeX2\tex/latex/biblatex/bbx\authortitle.bbx
File: authortitle.bbx 2020/08/23 v3.15a biblatex bibliography style (PK/MW)
Package biblatex Info: Trying to load bibliography style 'standard'...
Package biblatex Info: ... file 'standard.bbx' found.

(E:\Workspace\LaTeX2\tex/latex/biblatex/bbx\standard.bbx
File: standard.bbx 2020/08/23 v3.15a biblatex bibliography style (PK/MW)
\c@bbx:relatedcount=\count430
\c@bbx:relatedtotal=\count431
)))
Package biblatex Info: Trying to load citation style 'verbose'...
Package biblatex Info: ... file 'verbose.cbx' found.

(E:\Workspace\LaTeX2\tex/latex/biblatex/cbx\verbose.cbx
File: verbose.cbx 2020/08/23 v3.15a biblatex citation style (PK/MW)
Package biblatex Info: Redefining '\cite'.
Package biblatex Info: Redefining '\parencite'.
Package biblatex Info: Redefining '\footcite'.
Package biblatex Info: Redefining '\footcitetext'.
Package biblatex Info: Redefining '\smartcite'.
Package biblatex Info: Redefining '\textcite'.
Package biblatex Info: Redefining '\textcites'.
)
Package biblatex Info: Trying to load configuration file...
Package biblatex Info: ... file 'biblatex.cfg' found.

(E:\Workspace\LaTeX2\tex/latex/biblatex\biblatex.cfg
File: biblatex.cfg 
))
Package hyperref Info: Option `colorlinks' set `true' on input line 133.
)
(E:\Workspace\LaTeX2\tex/latex/tools\tabularx.sty
Package: tabularx 2020/01/15 v2.11c `tabularx' package (DPC)

(E:\Workspace\LaTeX2\tex/latex/tools\array.sty
Package: array 2019/08/31 v2.4l Tabular extension package (FMi)
\col@sep=\dimen174
\ar@mcellbox=\box57
\extrarowheight=\dimen175
\NC@list=\toks27
\extratabsurround=\skip106
\backup@length=\skip107
\ar@cellbox=\box58
)
\TX@col@width=\dimen176
\TX@old@table=\dimen177
\TX@old@col=\dimen178
\TX@target=\dimen179
\TX@delta=\dimen180
\TX@cols=\count432
\TX@ftn=\toks28
)
(E:\Workspace\LaTeX2\tex/latex/booktabs\booktabs.sty
Package: booktabs 2020/01/12 v1.61803398 Publication quality tables
\heavyrulewidth=\dimen181
\lightrulewidth=\dimen182
\cmidrulewidth=\dimen183
\belowrulesep=\dimen184
\belowbottomsep=\dimen185
\aboverulesep=\dimen186
\abovetopsep=\dimen187
\cmidrulesep=\dimen188
\cmidrulekern=\dimen189
\defaultaddspace=\dimen190
\@cmidla=\count433
\@cmidlb=\count434
\@aboverulesep=\dimen191
\@belowrulesep=\dimen192
\@thisruleclass=\count435
\@lastruleclass=\count436
\@thisrulewidth=\dimen193
)
(E:\Workspace\LaTeX2\tex/latex/base\inputenc.sty
Package: inputenc 2020/08/01 v1.3d Input encoding file
\inpenc@prehook=\toks29
\inpenc@posthook=\toks30
)
(E:\Workspace\LaTeX2\tex/latex/graphics\graphics.sty
Package: graphics 2020/08/30 v1.4c Standard LaTeX Graphics (DPC,SPQR)

(E:\Workspace\LaTeX2\tex/latex/graphics\trig.sty
Package: trig 2016/01/03 v1.10 sin cos tan (DPC)
)
(E:\Workspace\LaTeX2\tex/latex/graphics-cfg\graphics.cfg
File: graphics.cfg 2016/06/04 v1.11 sample graphics configuration
)
Package graphics Info: Driver file: pdftex.def on input line 105.
)
(E:\Workspace\LaTeX2\tex/latex/graphics\graphicx.sty
Package: graphicx 2020/09/09 v1.2b Enhanced LaTeX Graphics (DPC,SPQR)
\Gin@req@height=\dimen194
\Gin@req@width=\dimen195
)
(E:\Workspace\LaTeX2\tex/latex/changebar\changebar.sty
Package: changebar 2018/03/09 v3.6c Indicate changes with marginal bars
\cb@nextpoint=\count437
\cb@topleft=\count438
\cb@topright=\count439
\cb@botleft=\count440
\cb@botright=\count441
\cb@cnta=\count442
\cb@cntb=\count443
\cb@dima=\dimen196
\cb@curbarwd=\dimen197
\cb@page=\count444
\cb@pagecount=\count445
\cb@odd@left=\dimen198
\cb@odd@right=\dimen199
\cb@even@left=\dimen256
\cb@even@right=\dimen257
\cb@writexy=\write4
\cb@readxy=\read3
\openout4 = `assignment_template.cb2'.

\changebarwidth=\skip108
\deletebarwidth=\skip109
\changebarsep=\skip110
\c@changebargrey=\count446
\cb@write=\write5
\cb@read=\read4
\openout5 = `assignment_template.cb'.

)
(E:\Workspace\LaTeX2\tex/latex/base\latexsym.sty
Package: latexsym 1998/08/17 v2.2e Standard LaTeX package (lasy symbols)
\symlasy=\mathgroup4
LaTeX Font Info:    Overwriting symbol font `lasy' in version `bold'
(Font)                  U/lasy/m/n --> U/lasy/b/n on input line 52.
)
(E:\Workspace\LaTeX2\tex/latex/stmaryrd\stmaryrd.sty
Package: stmaryrd 1994/03/03 St Mary's Road symbol package
\symstmry=\mathgroup5
LaTeX Font Info:    Overwriting symbol font `stmry' in version `bold'
(Font)                  U/stmry/m/n --> U/stmry/b/n on input line 89.
)
(E:\Workspace\LaTeX2\tex/latex/wasysym\wasysym.sty
Package: wasysym 2020/01/19 v2.4 Wasy-2 symbol support package
\symwasy=\mathgroup6
LaTeX Font Info:    Overwriting symbol font `wasy' in version `bold'
(Font)                  U/wasy/m/n --> U/wasy/b/n on input line 93.
)
(E:\Workspace\LaTeX2\tex/latex/adjustbox\adjustbox.sty
Package: adjustbox 2020/08/19 v1.3 Adjusting TeX boxes (trim, clip, ...)

(E:\Workspace\LaTeX2\tex/latex/xkeyval\xkeyval.sty
Package: xkeyval 2014/12/03 v2.7a package option processing (HA)

(E:\Workspace\LaTeX2\tex/generic/xkeyval\xkeyval.tex
(E:\Workspace\LaTeX2\tex/generic/xkeyval\xkvutils.tex
\XKV@toks=\toks31
\XKV@tempa@toks=\toks32
)
\XKV@depth=\count447
File: xkeyval.tex 2014/12/03 v2.7a key=value parser (HA)
))
(E:\Workspace\LaTeX2\tex/latex/adjustbox\adjcalc.sty
Package: adjcalc 2012/05/16 v1.1 Provides advanced setlength with multiple back
-ends (calc, etex, pgfmath)
)
(E:\Workspace\LaTeX2\tex/latex/adjustbox\trimclip.sty
Package: trimclip 2020/08/19 v1.2 Trim and clip general TeX material

(E:\Workspace\LaTeX2\tex/latex/collectbox\collectbox.sty
Package: collectbox 2012/05/17 v0.4b Collect macro arguments as boxes
\collectedbox=\box59
)
\tc@llx=\dimen258
\tc@lly=\dimen259
\tc@urx=\dimen260
\tc@ury=\dimen261
Package trimclip Info: Using driver 'tc-pdftex.def'.

(E:\Workspace\LaTeX2\tex/latex/adjustbox\tc-pdftex.def
File: tc-pdftex.def 2019/01/04 v2.2 Clipping driver for pdftex
))
\adjbox@Width=\dimen262
\adjbox@Height=\dimen263
\adjbox@Depth=\dimen264
\adjbox@Totalheight=\dimen265
\adjbox@pwidth=\dimen266
\adjbox@pheight=\dimen267
\adjbox@pdepth=\dimen268
\adjbox@ptotalheight=\dimen269

(E:\Workspace\LaTeX2\tex/latex/ifoddpage\ifoddpage.sty
Package: ifoddpage 2016/04/23 v1.1 Conditionals for odd/even page detection
\c@checkoddpage=\count448
)
(E:\Workspace\LaTeX2\tex/latex/varwidth\varwidth.sty
Package: varwidth 2009/03/30 ver 0.92;  Variable-width minipages
\@vwid@box=\box60
\sift@deathcycles=\count449
\@vwid@loff=\dimen270
\@vwid@roff=\dimen271
))
(E:\Workspace\LaTeX2\tex/latex/easy\easytable.sty
Document Style `easytable' v1.0 <2001/06/13>.
(E:\Workspace\LaTeX2\tex/latex/easy\easy.sty
Document Style `easy' v1.1 <2001/05/31>.
Package: easy 2001/05/31 v1.1
\@easy@level=\count450
\@easy@ncol=\count451
\@easy@nrow=\count452
\@easy@cnt=\count453
\@easy@boxviii=\box61
\@easy@minxviii=\dimen272
\@easy@minyviii=\dimen273
\@easy@maxxviii=\dimen274
\@easy@maxyviii=\dimen275
\@easy@boxvii=\box62
\@easy@minxvii=\dimen276
\@easy@minyvii=\dimen277
\@easy@maxxvii=\dimen278
\@easy@maxyvii=\dimen279
\@easy@boxvi=\box63
\@easy@minxvi=\dimen280
\@easy@minyvi=\dimen281
\@easy@maxxvi=\dimen282
\@easy@maxyvi=\dimen283
\@easy@boxv=\box64
\@easy@minxv=\dimen284
\@easy@minyv=\dimen285
\@easy@maxxv=\dimen286
\@easy@maxyv=\dimen287
\@easy@boxiv=\box65
\@easy@minxiv=\dimen288
\@easy@minyiv=\dimen289
\@easy@maxxiv=\dimen290
\@easy@maxyiv=\dimen291
\@easy@boxiii=\box66
\@easy@minxiii=\dimen292
\@easy@minyiii=\dimen293
\@easy@maxxiii=\dimen294
\@easy@maxyiii=\dimen295
\@easy@boxii=\box67
\@easy@minxii=\dimen296
\@easy@minyii=\dimen297
\@easy@maxxii=\dimen298
\@easy@maxyii=\dimen299
\@easy@boxi=\box68
\@easy@minxi=\dimen300
\@easy@minyi=\dimen301
\@easy@maxxi=\dimen302
\@easy@maxyi=\dimen303
\@easy@hsizexxx=\dimen304
\@easy@vsizexxx=\dimen305
\@easy@hsizexxix=\dimen306
\@easy@vsizexxix=\dimen307
\@easy@hsizexxviii=\dimen308
\@easy@vsizexxviii=\dimen309
\@easy@hsizexxvii=\dimen310
\@easy@vsizexxvii=\dimen311
\@easy@hsizexxvi=\dimen312
\@easy@vsizexxvi=\dimen313
\@easy@hsizexxv=\dimen314
\@easy@vsizexxv=\dimen315
\@easy@hsizexxiv=\dimen316
\@easy@vsizexxiv=\dimen317
\@easy@hsizexxiii=\dimen318
\@easy@vsizexxiii=\dimen319
\@easy@hsizexxii=\dimen320
\@easy@vsizexxii=\dimen321
\@easy@hsizexxi=\dimen322
\@easy@vsizexxi=\dimen323
\@easy@hsizexx=\dimen324
\@easy@vsizexx=\dimen325
\@easy@hsizexix=\dimen326
\@easy@vsizexix=\dimen327
\@easy@hsizexviii=\dimen328
\@easy@vsizexviii=\dimen329
\@easy@hsizexvii=\dimen330
\@easy@vsizexvii=\dimen331
\@easy@hsizexvi=\dimen332
\@easy@vsizexvi=\dimen333
\@easy@hsizexv=\dimen334
\@easy@vsizexv=\dimen335
\@easy@hsizexiv=\dimen336
\@easy@vsizexiv=\dimen337
\@easy@hsizexiii=\dimen338
\@easy@vsizexiii=\dimen339
\@easy@hsizexii=\dimen340
\@easy@vsizexii=\dimen341
\@easy@hsizexi=\dimen342
\@easy@vsizexi=\dimen343
\@easy@hsizex=\dimen344
\@easy@vsizex=\dimen345
\@easy@hsizeix=\dimen346
\@easy@vsizeix=\dimen347
\@easy@hsizeviii=\dimen348
\@easy@vsizeviii=\dimen349
\@easy@hsizevii=\dimen350
\@easy@vsizevii=\dimen351
\@easy@hsizevi=\dimen352
\@easy@vsizevi=\dimen353
\@easy@hsizev=\dimen354
\@easy@vsizev=\dimen355
\@easy@hsizeiv=\dimen356
\@easy@vsizeiv=\dimen357
\@easy@hsizeiii=\dimen358
\@easy@vsizeiii=\dimen359
\@easy@hsizeii=\dimen360
\@easy@vsizeii=\dimen361
\@easy@hsizei=\dimen362
\@easy@vsizei=\dimen363
\@easy@dash@len=\dimen364
\@easy@dash@sep=\dimen365
)
Package: easytable 2001/05/31v1.1
\@tab@size@rule=\dimen366
\@tab@size@dash=\dimen367
) (E:\Workspace\LaTeX2\tex/latex/framed\framed.sty
Package: framed 2011/10/22 v 0.96: framed or shaded text with page breaks
\OuterFrameSep=\skip111
\fb@frw=\dimen368
\fb@frh=\dimen369
\FrameRule=\dimen370
\FrameSep=\dimen371
)
(E:\Workspace\LaTeX2\tex/latex/mdwtools\footnote.sty
Package: footnote 1997/01/28 1.13 Save footnotes around boxes
\fn@notes=\box69
\fn@width=\dimen372
)
(E:\Workspace\LaTeX2\tex/latex/pgf/frontendlayer\tikz.sty
(E:\Workspace\LaTeX2\tex/latex/pgf/basiclayer\pgf.sty
(E:\Workspace\LaTeX2\tex/latex/pgf/utilities\pgfrcs.sty
(E:\Workspace\LaTeX2\tex/generic/pgf/utilities\pgfutil-common.tex
\pgfutil@everybye=\toks33
\pgfutil@tempdima=\dimen373
\pgfutil@tempdimb=\dimen374

(E:\Workspace\LaTeX2\tex/generic/pgf/utilities\pgfutil-common-lists.tex))
(E:\Workspace\LaTeX2\tex/generic/pgf/utilities\pgfutil-latex.def
\pgfutil@abb=\box70
)
(E:\Workspace\LaTeX2\tex/generic/pgf/utilities\pgfrcs.code.tex
(E:\Workspace\LaTeX2\tex/generic/pgf\pgf.revision.tex)
Package: pgfrcs 2020/10/01 v3.1.6a (3.1.6a)
))
Package: pgf 2020/10/01 v3.1.6a (3.1.6a)

(E:\Workspace\LaTeX2\tex/latex/pgf/basiclayer\pgfcore.sty
(E:\Workspace\LaTeX2\tex/latex/pgf/systemlayer\pgfsys.sty
(E:\Workspace\LaTeX2\tex/generic/pgf/systemlayer\pgfsys.code.tex
Package: pgfsys 2020/10/01 v3.1.6a (3.1.6a)

(E:\Workspace\LaTeX2\tex/generic/pgf/utilities\pgfkeys.code.tex
\pgfkeys@pathtoks=\toks34
\pgfkeys@temptoks=\toks35

(E:\Workspace\LaTeX2\tex/generic/pgf/utilities\pgfkeysfiltered.code.tex
\pgfkeys@tmptoks=\toks36
))
\pgf@x=\dimen375
\pgf@y=\dimen376
\pgf@xa=\dimen377
\pgf@ya=\dimen378
\pgf@xb=\dimen379
\pgf@yb=\dimen380
\pgf@xc=\dimen381
\pgf@yc=\dimen382
\pgf@xd=\dimen383
\pgf@yd=\dimen384
\w@pgf@writea=\write6
\r@pgf@reada=\read5
\c@pgf@counta=\count454
\c@pgf@countb=\count455
\c@pgf@countc=\count456
\c@pgf@countd=\count457
\t@pgf@toka=\toks37
\t@pgf@tokb=\toks38
\t@pgf@tokc=\toks39
\pgf@sys@id@count=\count458

(E:\Workspace\LaTeX2\tex/generic/pgf/systemlayer\pgf.cfg
File: pgf.cfg 2020/10/01 v3.1.6a (3.1.6a)
)
Driver file for pgf: pgfsys-pdftex.def

(E:\Workspace\LaTeX2\tex/generic/pgf/systemlayer\pgfsys-pdftex.def
File: pgfsys-pdftex.def 2020/10/01 v3.1.6a (3.1.6a)

(E:\Workspace\LaTeX2\tex/generic/pgf/systemlayer\pgfsys-common-pdf.def
File: pgfsys-common-pdf.def 2020/10/01 v3.1.6a (3.1.6a)
)))
(E:\Workspace\LaTeX2\tex/generic/pgf/systemlayer\pgfsyssoftpath.code.tex
File: pgfsyssoftpath.code.tex 2020/10/01 v3.1.6a (3.1.6a)
\pgfsyssoftpath@smallbuffer@items=\count459
\pgfsyssoftpath@bigbuffer@items=\count460
)
(E:\Workspace\LaTeX2\tex/generic/pgf/systemlayer\pgfsysprotocol.code.tex
File: pgfsysprotocol.code.tex 2020/10/01 v3.1.6a (3.1.6a)
))
(E:\Workspace\LaTeX2\tex/generic/pgf/basiclayer\pgfcore.code.tex
Package: pgfcore 2020/10/01 v3.1.6a (3.1.6a)

(E:\Workspace\LaTeX2\tex/generic/pgf/math\pgfmath.code.tex
(E:\Workspace\LaTeX2\tex/generic/pgf/math\pgfmathcalc.code.tex
(E:\Workspace\LaTeX2\tex/generic/pgf/math\pgfmathutil.code.tex)
(E:\Workspace\LaTeX2\tex/generic/pgf/math\pgfmathparser.code.tex
\pgfmath@dimen=\dimen385
\pgfmath@count=\count461
\pgfmath@box=\box71
\pgfmath@toks=\toks40
\pgfmath@stack@operand=\toks41
\pgfmath@stack@operation=\toks42
)
(E:\Workspace\LaTeX2\tex/generic/pgf/math\pgfmathfunctions.code.tex
(E:\Workspace\LaTeX2\tex/generic/pgf/math\pgfmathfunctions.basic.code.tex)
(E:\Workspace\LaTeX2\tex/generic/pgf/math\pgfmathfunctions.trigonometric.code.t
ex) (E:\Workspace\LaTeX2\tex/generic/pgf/math\pgfmathfunctions.random.code.tex)
(E:\Workspace\LaTeX2\tex/generic/pgf/math\pgfmathfunctions.comparison.code.tex)
(E:\Workspace\LaTeX2\tex/generic/pgf/math\pgfmathfunctions.base.code.tex)
(E:\Workspace\LaTeX2\tex/generic/pgf/math\pgfmathfunctions.round.code.tex)
(E:\Workspace\LaTeX2\tex/generic/pgf/math\pgfmathfunctions.misc.code.tex)
(E:\Workspace\LaTeX2\tex/generic/pgf/math\pgfmathfunctions.integerarithmetics.c
ode.tex))) (E:\Workspace\LaTeX2\tex/generic/pgf/math\pgfmathfloat.code.tex
\c@pgfmathroundto@lastzeros=\count462
))
(E:\Workspace\LaTeX2\tex/generic/pgf/math\pgfint.code.tex)
(E:\Workspace\LaTeX2\tex/generic/pgf/basiclayer\pgfcorepoints.code.tex
File: pgfcorepoints.code.tex 2020/10/01 v3.1.6a (3.1.6a)
\pgf@picminx=\dimen386
\pgf@picmaxx=\dimen387
\pgf@picminy=\dimen388
\pgf@picmaxy=\dimen389
\pgf@pathminx=\dimen390
\pgf@pathmaxx=\dimen391
\pgf@pathminy=\dimen392
\pgf@pathmaxy=\dimen393
\pgf@xx=\dimen394
\pgf@xy=\dimen395
\pgf@yx=\dimen396
\pgf@yy=\dimen397
\pgf@zx=\dimen398
\pgf@zy=\dimen399
)
(E:\Workspace\LaTeX2\tex/generic/pgf/basiclayer\pgfcorepathconstruct.code.tex
File: pgfcorepathconstruct.code.tex 2020/10/01 v3.1.6a (3.1.6a)
\pgf@path@lastx=\dimen400
\pgf@path@lasty=\dimen401
)
(E:\Workspace\LaTeX2\tex/generic/pgf/basiclayer\pgfcorepathusage.code.tex
File: pgfcorepathusage.code.tex 2020/10/01 v3.1.6a (3.1.6a)
\pgf@shorten@end@additional=\dimen402
\pgf@shorten@start@additional=\dimen403
)
(E:\Workspace\LaTeX2\tex/generic/pgf/basiclayer\pgfcorescopes.code.tex
File: pgfcorescopes.code.tex 2020/10/01 v3.1.6a (3.1.6a)
\pgfpic=\box72
\pgf@hbox=\box73
\pgf@layerbox@main=\box74
\pgf@picture@serial@count=\count463
)
(E:\Workspace\LaTeX2\tex/generic/pgf/basiclayer\pgfcoregraphicstate.code.tex
File: pgfcoregraphicstate.code.tex 2020/10/01 v3.1.6a (3.1.6a)
\pgflinewidth=\dimen404
)
(E:\Workspace\LaTeX2\tex/generic/pgf/basiclayer\pgfcoretransformations.code.tex
File: pgfcoretransformations.code.tex 2020/10/01 v3.1.6a (3.1.6a)
\pgf@pt@x=\dimen405
\pgf@pt@y=\dimen406
\pgf@pt@temp=\dimen407
) (E:\Workspace\LaTeX2\tex/generic/pgf/basiclayer\pgfcorequick.code.tex
File: pgfcorequick.code.tex 2020/10/01 v3.1.6a (3.1.6a)
)
(E:\Workspace\LaTeX2\tex/generic/pgf/basiclayer\pgfcoreobjects.code.tex
File: pgfcoreobjects.code.tex 2020/10/01 v3.1.6a (3.1.6a)
)
(E:\Workspace\LaTeX2\tex/generic/pgf/basiclayer\pgfcorepathprocessing.code.tex
File: pgfcorepathprocessing.code.tex 2020/10/01 v3.1.6a (3.1.6a)
) (E:\Workspace\LaTeX2\tex/generic/pgf/basiclayer\pgfcorearrows.code.tex
File: pgfcorearrows.code.tex 2020/10/01 v3.1.6a (3.1.6a)
\pgfarrowsep=\dimen408
)
(E:\Workspace\LaTeX2\tex/generic/pgf/basiclayer\pgfcoreshade.code.tex
File: pgfcoreshade.code.tex 2020/10/01 v3.1.6a (3.1.6a)
\pgf@max=\dimen409
\pgf@sys@shading@range@num=\count464
\pgf@shadingcount=\count465
)
(E:\Workspace\LaTeX2\tex/generic/pgf/basiclayer\pgfcoreimage.code.tex
File: pgfcoreimage.code.tex 2020/10/01 v3.1.6a (3.1.6a)

(E:\Workspace\LaTeX2\tex/generic/pgf/basiclayer\pgfcoreexternal.code.tex
File: pgfcoreexternal.code.tex 2020/10/01 v3.1.6a (3.1.6a)
\pgfexternal@startupbox=\box75
))
(E:\Workspace\LaTeX2\tex/generic/pgf/basiclayer\pgfcorelayers.code.tex
File: pgfcorelayers.code.tex 2020/10/01 v3.1.6a (3.1.6a)
)
(E:\Workspace\LaTeX2\tex/generic/pgf/basiclayer\pgfcoretransparency.code.tex
File: pgfcoretransparency.code.tex 2020/10/01 v3.1.6a (3.1.6a)
)
(E:\Workspace\LaTeX2\tex/generic/pgf/basiclayer\pgfcorepatterns.code.tex
File: pgfcorepatterns.code.tex 2020/10/01 v3.1.6a (3.1.6a)
)
(E:\Workspace\LaTeX2\tex/generic/pgf/basiclayer\pgfcorerdf.code.tex
File: pgfcorerdf.code.tex 2020/10/01 v3.1.6a (3.1.6a)
)))
(E:\Workspace\LaTeX2\tex/generic/pgf/modules\pgfmoduleshapes.code.tex
File: pgfmoduleshapes.code.tex 2020/10/01 v3.1.6a (3.1.6a)
\pgfnodeparttextbox=\box76
)
(E:\Workspace\LaTeX2\tex/generic/pgf/modules\pgfmoduleplot.code.tex
File: pgfmoduleplot.code.tex 2020/10/01 v3.1.6a (3.1.6a)
)
(E:\Workspace\LaTeX2\tex/latex/pgf/compatibility\pgfcomp-version-0-65.sty
Package: pgfcomp-version-0-65 2020/10/01 v3.1.6a (3.1.6a)
\pgf@nodesepstart=\dimen410
\pgf@nodesepend=\dimen411
)
(E:\Workspace\LaTeX2\tex/latex/pgf/compatibility\pgfcomp-version-1-18.sty
Package: pgfcomp-version-1-18 2020/10/01 v3.1.6a (3.1.6a)
))
(E:\Workspace\LaTeX2\tex/latex/pgf/utilities\pgffor.sty
(E:\Workspace\LaTeX2\tex/latex/pgf/utilities\pgfkeys.sty
(E:\Workspace\LaTeX2\tex/generic/pgf/utilities\pgfkeys.code.tex))
(E:\Workspace\LaTeX2\tex/latex/pgf/math\pgfmath.sty
(E:\Workspace\LaTeX2\tex/generic/pgf/math\pgfmath.code.tex))
(E:\Workspace\LaTeX2\tex/generic/pgf/utilities\pgffor.code.tex
Package: pgffor 2020/10/01 v3.1.6a (3.1.6a)

(E:\Workspace\LaTeX2\tex/generic/pgf/math\pgfmath.code.tex)
\pgffor@iter=\dimen412
\pgffor@skip=\dimen413
\pgffor@stack=\toks43
\pgffor@toks=\toks44
))
(E:\Workspace\LaTeX2\tex/generic/pgf/frontendlayer/tikz\tikz.code.tex
Package: tikz 2020/10/01 v3.1.6a (3.1.6a)

(E:\Workspace\LaTeX2\tex/generic/pgf/libraries\pgflibraryplothandlers.code.tex
File: pgflibraryplothandlers.code.tex 2020/10/01 v3.1.6a (3.1.6a)
\pgf@plot@mark@count=\count466
\pgfplotmarksize=\dimen414
)
\tikz@lastx=\dimen415
\tikz@lasty=\dimen416
\tikz@lastxsaved=\dimen417
\tikz@lastysaved=\dimen418
\tikz@lastmovetox=\dimen419
\tikz@lastmovetoy=\dimen420
\tikzleveldistance=\dimen421
\tikzsiblingdistance=\dimen422
\tikz@figbox=\box77
\tikz@figbox@bg=\box78
\tikz@tempbox=\box79
\tikz@tempbox@bg=\box80
\tikztreelevel=\count467
\tikznumberofchildren=\count468
\tikznumberofcurrentchild=\count469
\tikz@fig@count=\count470
(E:\Workspace\LaTeX2\tex/generic/pgf/modules\pgfmodulematrix.code.tex
File: pgfmodulematrix.code.tex 2020/10/01 v3.1.6a (3.1.6a)
\pgfmatrixcurrentrow=\count471
\pgfmatrixcurrentcolumn=\count472
\pgf@matrix@numberofcolumns=\count473
)
\tikz@expandcount=\count474

(E:\Workspace\LaTeX2\tex/generic/pgf/frontendlayer/tikz/libraries\tikzlibraryto
paths.code.tex
File: tikzlibrarytopaths.code.tex 2020/10/01 v3.1.6a (3.1.6a)
)))

Package csquotes Warning: Load 'inputenc' before 'csquotes' on input line 49.

Package csquotes Info: Checking for multilingual support...
Package csquotes Info: ... none found.

Package biblatex Warning: Conflicting options.
(biblatex)                'uniquelist=minyear' requires 'labeldateparts'.
(biblatex)                Setting 'uniquelist=true' on input line 49.

(E:/Koblenz/Sem1/IWS/WorkingRepo/Assignment2/trunk\assignment_template.aux)
\openout1 = `assignment_template.aux'.

LaTeX Font Info:    Checking defaults for OML/cmm/m/it on input line 49.
LaTeX Font Info:    ... okay on input line 49.
LaTeX Font Info:    Checking defaults for OMS/cmsy/m/n on input line 49.
LaTeX Font Info:    ... okay on input line 49.
LaTeX Font Info:    Checking defaults for OT1/cmr/m/n on input line 49.
LaTeX Font Info:    ... okay on input line 49.
LaTeX Font Info:    Checking defaults for T1/cmr/m/n on input line 49.
LaTeX Font Info:    ... okay on input line 49.
LaTeX Font Info:    Checking defaults for TS1/cmr/m/n on input line 49.
LaTeX Font Info:    ... okay on input line 49.
LaTeX Font Info:    Checking defaults for OMX/cmex/m/n on input line 49.
LaTeX Font Info:    ... okay on input line 49.
LaTeX Font Info:    Checking defaults for U/cmr/m/n on input line 49.
LaTeX Font Info:    ... okay on input line 49.
LaTeX Font Info:    Checking defaults for PD1/pdf/m/n on input line 49.
LaTeX Font Info:    ... okay on input line 49.
LaTeX Font Info:    Checking defaults for PU/pdf/m/n on input line 49.
LaTeX Font Info:    ... okay on input line 49.
Package nag Info: pgf.sty is broken: disabling dollar check on input line 49.
Package nag Info: Command \frontmatter not defined, skipping amendment on input
 line 49.
Package nag Info: Command \mainmatter not defined, skipping amendment on input 
line 49.
Package nag Info: Command \backmatter not defined, skipping amendment on input 
line 49.
Package nag Info: Command \RaggedLeft not defined, skipping amendment on input 
line 49.
Package nag Info: Command \RaggedRight not defined, skipping amendment on input
 line 49.
Package scrbase Info: activating english \contentsname on input line 49.
Package scrbase Info: activating english \listfigurename on input line 49.
Package scrbase Info: activating english \listtablename on input line 49.
LaTeX Info: Redefining \microtypecontext on input line 49.
Package microtype Info: Generating PDF output.
Package microtype Info: Character protrusion enabled (level 2).
Package microtype Info: Using default protrusion set `alltext'.
Package microtype Info: Automatic font expansion enabled (level 2),
(microtype)             stretch: 20, shrink: 20, step: 1, non-selected.
Package microtype Info: Using default expansion set `basictext'.
LaTeX Info: Redefining \showhyphens on input line 49.
Package microtype Info: No adjustment of tracking.
Package microtype Info: No adjustment of interword spacing.
Package microtype Info: No adjustment of character kerning.

(E:\Workspace\LaTeX2\tex/latex/microtype\mt-cmr.cfg
File: mt-cmr.cfg 2013/05/19 v2.2 microtype config. file: Computer Modern Roman 
(RS)
)
Package caption Info: Begin \AtBeginDocument code.
Package caption Info: float package is loaded.
Package caption Info: hyperref package is loaded.
Package caption Info: listings package is loaded.
Package caption Info: End \AtBeginDocument code.

(E:\Workspace\LaTeX2\tex/context/base/mkii\supp-pdf.mkii
[Loading MPS to PDF converter (version 2006.09.02).]
\scratchcounter=\count475
\scratchdimen=\dimen423
\scratchbox=\box81
\nofMPsegments=\count476
\nofMParguments=\count477
\everyMPshowfont=\toks45
\MPscratchCnt=\count478
\MPscratchDim=\dimen424
\MPnumerator=\count479
\makeMPintoPDFobject=\count480
\everyMPtoPDFconversion=\toks46
) (E:\Workspace\LaTeX2\tex/latex/epstopdf-pkg\epstopdf-base.sty
Package: epstopdf-base 2020-01-24 v2.11 Base part for package epstopdf
Package epstopdf-base Info: Redefining graphics rule for `.eps' on input line 4
85.
)
Package hyperref Info: Link coloring ON on input line 49.

(E:\Workspace\LaTeX2\tex/latex/hyperref\nameref.sty
Package: nameref 2019/09/16 v2.46 Cross-referencing by name of section

(E:\Workspace\LaTeX2\tex/latex/refcount\refcount.sty
Package: refcount 2019/12/15 v3.6 Data extraction from label references (HO)
)
(E:\Workspace\LaTeX2\tex/generic/gettitlestring\gettitlestring.sty
Package: gettitlestring 2019/12/15 v1.6 Cleanup title references (HO)
)
\c@section@level=\count481
)
LaTeX Info: Redefining \ref on input line 49.
LaTeX Info: Redefining \pageref on input line 49.
LaTeX Info: Redefining \nameref on input line 49.

(E:/Koblenz/Sem1/IWS/WorkingRepo/Assignment2/trunk\assignment_template.out)
(E:/Koblenz/Sem1/IWS/WorkingRepo/Assignment2/trunk\assignment_template.out)
\@outlinefile=\write7
\openout7 = `assignment_template.out'.

Class scrartcl Info: loading recommended package `bookmark'.
(scrartcl)           Using `bookmark' together with `hyperref' is recommended,
(scrartcl)           because of handling of possible bookmark level gaps.
(scrartcl)           You can avoid loading `bookmark' with KOMA-Script option
(scrartcl)           `bookmarkpackage=false' before \begin{document} and
(scrartcl)           you can avoid this message adding:
(scrartcl)             \usepackage{bookmark}
(scrartcl)           before \begin{document} on input line 49.

(E:\Workspace\LaTeX2\tex/latex/bookmark\bookmark.sty
Package: bookmark 2020-11-06 v1.29 PDF bookmarks (HO)

(E:\Workspace\LaTeX2\tex/latex/bookmark\bkm-pdftex.def
File: bkm-pdftex.def 2020-11-06 v1.29 bookmark driver for pdfTeX (HO)
\BKM@id=\count482
))
\c@lstlisting=\count483
Package biblatex Info: Trying to load language 'english'...
Package biblatex Info: ... file 'english.lbx' found.

(E:\Workspace\LaTeX2\tex/latex/biblatex/lbx\english.lbx
File: english.lbx 2020/08/23 v3.15a biblatex localization (PK/MW)
)
Package biblatex Info: Input encoding 'utf8' detected.
Package biblatex Info: Automatic encoding selection.
(biblatex)             Assuming data encoding 'utf8'.
\openout3 = `assignment_template.bcf'.

Package biblatex Info: Trying to load bibliographic data...
Package biblatex Info: ... file 'assignment_template.bbl' not found.

No file assignment_template.bbl.
Package biblatex Info: Reference section=0 on input line 49.
Package biblatex Info: Reference segment=0 on input line 49.
Package nag Info: Command \hc@caption not defined, skipping amendment on input 
line 49.
Package nag Info: Command \topcaption not defined, skipping amendment on input 
line 49.
LaTeX Font Info:    Trying to load font information for T1+cmss on input line 5
2.
(E:\Workspace\LaTeX2\tex/latex/base\t1cmss.fd
File: t1cmss.fd 2019/12/16 v2.5j Standard LaTeX font definitions
)
Package microtype Info: Loading generic protrusion settings for font family
(microtype)             `cmss' (encoding: T1).
(microtype)             For optimal results, create family-specific settings.
(microtype)             See the microtype manual for details.
LaTeX Font Info:    Trying to load font information for U+lasy on input line 52
.

(E:\Workspace\LaTeX2\tex/latex/base\ulasy.fd
File: ulasy.fd 1998/08/17 v2.2e LaTeX symbol font definitions
)
LaTeX Font Info:    Trying to load font information for U+stmry on input line 5
2.

(E:\Workspace\LaTeX2\tex/latex/stmaryrd\ustmry.fd)
LaTeX Font Info:    Trying to load font information for U+wasy on input line 52
.

(E:\Workspace\LaTeX2\tex/latex/wasysym\uwasy.fd
File: uwasy.fd 2020/01/19 v2.4 Wasy-2 symbol font definitions
)
LaTeX Font Info:    Trying to load font information for T1+cmtt on input line 5
2.

(E:\Workspace\LaTeX2\tex/latex/base\t1cmtt.fd
File: t1cmtt.fd 2019/12/16 v2.5j Standard LaTeX font definitions
)
Package microtype Info: Loading generic protrusion settings for font family
(microtype)             `cmtt' (encoding: T1).
(microtype)             For optimal results, create family-specific settings.
(microtype)             See the microtype manual for details.
 [1


{C:/Users/Nisha Sharma/AppData/Local/MiKTeX/pdftex/config/pdftex.map}]

Package hyperref Warning: Token not allowed in a PDF string (Unicode):
(hyperref)                removing `\hfill' on input line 53.


Package hyperref Warning: Token not allowed in a PDF string (Unicode):
(hyperref)                removing `\hfill' on input line 54.


Package hyperref Warning: Token not allowed in a PDF string (Unicode):
(hyperref)                removing `\hfill' on input line 59.

<resources/logo_west_small.png, id=20, 763.434pt x 158.556pt>
File: resources/logo_west_small.png Graphic file (type png)
<use resources/logo_west_small.png>
Package pdftex.def Info: resources/logo_west_small.png  used on input line 65.
(pdftex.def)             Requested size: 51.21504pt x 10.63553pt.
[2


! pdfTeX error (font expansion): auto expansion is only possible with scalable 
fonts.
<argument> ...shipout:D \box_use:N \l_shipout_box 
                                                  
l.65 \section
             {Python Programming \hfill{25 points}}

 
Here is how much of TeX's memory you used:
 39598 strings out of 479799
 734802 string characters out of 2881499
 1608279 words of memory out of 3000000
 55919 multiletter control sequences out of 15000+200000
 556242 words of font info for 106 fonts, out of 3000000 for 9000
 1141 hyphenation exceptions out of 8191
 119i,15n,124p,10686b,802s stack positions out of 5000i,500n,10000p,200000b,50000s
!  ==> Fatal error occurred, no output PDF file produced!
